  TOOLCHAIN aarch64-elf-gcc

=== Kernel Build Complete ===
   text	   data	    bss	    dec	    hex	filename
 208338	    390	175823296	176032024	a7e0918	build/kiseki.elf

  Booting with disk image: build/disk.img
  Network: vmnet-shared (guest 192.168.64.10, requires sudo)

sudo qemu-system-aarch64 -M virt -accel tcg -cpu cortex-a72 -smp 4 -m 4G -display cocoa -kernel build/kiseki.elf -serial mon:stdio -drive id=hd0,file=build/disk.img,format=raw,if=none -device virtio-blk-device,drive=hd0 -netdev vmnet-shared,id=net0 -device virtio-net-device,netdev=net0 -device virtio-gpu-device -device virtio-keyboard-device -device virtio-tablet-device

========================================
  Kiseki OS v0.1.0 (QEMU virt)
  ARM64 Hybrid Kernel (Mach + BSD)
========================================

[boot] Kernel loaded at 0x40080000 - 0x4a843000
[boot] BSS:  0x400b5000 - 0x4a8429c0
[boot] Heap starts at 0x4a863000
[boot] Initialising GIC...
[gic] GICv2: 288 IRQ lines
[boot] Initialising physical memory manager...
[pmm] 219037 pages (855 MB) managed, 219037 pages free
[boot] Initialising virtual memory...
[vmm] Kernel L0 table at 0x7ffff000
[vmm] Identity mapping RAM: 0x40000000 - 0x80000000
[vmm] MMU enabled
[boot] Initialising threading...
[sched] Thread subsystem initialised (256 max threads)
[sched] Idle thread (tid=1) kstack=[0x7fcd3000..0x7fcdb000]
[sched] Scheduler initialised on core 0
[boot] Initialising timer...
[timer] Counter freq: 62500000 Hz, interval: 625000 ticks (100 Hz)
[timer] Timer armed (PPI 27)
[boot] Starting secondary cores...
[smp] Bringing up secondary cores...
[smp] Core 1: started
[smp] Core 2: started
[smp] Core 3: started
[sched] CPU1 idle thread (tid=2) kstack=[0x7fcdb000..0x7fce3000]
[sched] CPU3 idle thread (tid=4) kstack=[0x7fceb000..0x7fcf3000]
[boot] Initialising block devices...
[sched] CPU2 idle thread (tid=3) kstack=[0x7fce3000..0x7fceb000]
[smp] Core 1 online (scheduler + timer ready)
[smp] Core 2 online (scheduler + timer ready)
[smp] Core 3 online (scheduler + timer ready)
[blkdev] Initialising block device subsystem
[smp] Core 3: abandoning boot stack, jumping to idle thread
[virtio-blk] probing 32 MMIO transports at 0xa000000
[smp] Core 1: abandoning boot stack, jumping to idle thread
[smp] Core 2: abandoning boot stack, jumping to idle thread
[virtio-blk] slot 27 @ 0xa003600: magic=0x74726976 ver=1 devid=18
[virtio-blk] slot 28 @ 0xa003800: magic=0x74726976 ver=1 devid=18
[virtio-blk] slot 29 @ 0xa003a00: magic=0x74726976 ver=1 devid=16
[virtio-blk] slot 30 @ 0xa003c00: magic=0x74726976 ver=1 devid=1
[virtio-blk] slot 31 @ 0xa003e00: magic=0x74726976 ver=1 devid=2
[virtio-blk] found block device at 0xa003e00 (version 1)
[virtio] queue 0: 256 descriptors
[virtio-blk] device initialised successfully
[blkdev] registered 'virtio0' as dev 0 (sector_size=512)
[blkdev] platform block device registered as dev 0
[boot] Initialising buffer cache...
[buf] buffer cache initialised: 256 buffers, 4096 bytes each
[boot] Initialising VFS...
vfs: initialised (max 16 mounts, 1024 vnodes, 256 fds/proc)
[pty] PTY subsystem initialised (16 pairs)
[boot] Registering Ext4 filesystem...
vfs: registered filesystem 'ext4'
[boot] Mounting root filesystem (ext4 on /dev/vda)...
ext4: block_size=4096, inode_size=256, groups=1, inodes_per_group=16384
ext4: unsupported incompat features 0x2000
ext4: read 1 group descriptors (64 bytes)
ext4: mounted successfully (root inode 2, size 4096)
vfs: mounted 'ext4' on '/' (dev 0)
[boot] Root filesystem mounted at /
[boot] Mounting devfs at /dev...
vfs: registered filesystem 'devfs'
[devfs] mounted at /dev (5 devices)
vfs: mounted 'devfs' on '/dev' (dev 0)
[boot] Starting buffer cache sync daemon...
[buf] started background sync daemon
[boot] Initialising Mach IPC...
[ipc] Mach IPC initialised (512 port slots)
[boot] Initialising IOKit...
IOKit: initialising IOKit subsystem
IOKit: I/O Registry initialised (root=0x000000004977be68, entry_id=1)
[bootstrap] kernel registered service 'uk.co.avltree9798.iokit' -> port 0x0000000040a70d60
IOKit: master port registered in bootstrap
IOKit: initialisation complete
[boot] Initialising CommPage...
[commpage] Initialising CommPage at VA 0xfffffc000...
[commpage] CPU capabilities: 0x3f
[commpage] CommPage ready: phys=0x7fccd000 freq=62500000 Hz
[commpage] sigreturn trampoline at CommPage+0x280
[commpage] gettimeofday stub at CommPage+0x200
[commpage] nanotime stub at CommPage+0x240
[boot] Initialising process subsystem...
[proc] Initialising process subsystem...
[boot] Initialising networking...
[tcp] TCP subsystem initialised (64 connections max)
[eth] Ethernet layer initialised
[virtio-net] probing 32 MMIO transports at 0xa000000
[virtio-net] found network device at 0xa003c00 (version 1)
[virtio-net] MAC: 52:54:00:12:34:56
[eth] MAC address set to 52:54:00:12:34:56
[virtio-net] queue 0: 256 descriptors
[virtio-net] queue 1: 256 descriptors
[virtio-net] device initialised successfully (IRQ 78)
[dhcp] requesting IP address...
[ip] local address set to 0.0.0.0
[eth] IP address set to 0.0.0.0
[dhcp] 192.168.2.2/255.255.255.0 gw 192.168.2.1
[ip] local address set to 192.168.2.2
[eth] IP address set to 192.168.2.2
[ip] subnet mask set to 255.255.255.0
[ip] default gateway set to 192.168.2.1
[net] networking subsystem initialised (64 sockets)
[boot] Initialising VirtIO GPU...
[virtio-gpu] Scanning for VirtIO GPU device...
[virtio-gpu] Found GPU at MMIO slot 29 (base=0xa003a00, IRQ=77, version=1)
[virtio-gpu] Negotiated features: 0x0
[virtio-gpu] controlq: 256 descriptors
[virtio-gpu] display 0: 1280x800 (enabled)
[virtio-gpu] Allocating 1024 pages (order 10) for 1280x800 framebuffer (4096000 bytes)
[virtio-gpu] Remapped 1024 framebuffer pages as Non-Cacheable
[virtio-gpu] created 2D resource 1: 1280x800 format=2
[virtio-gpu] attached 1000 backing pages to resource 1
[virtio-gpu] scanout 0: resource 1, 1280x800
[virtio-gpu] Framebuffer ready: 1280x800, 32 bpp, pitch=5120
[virtio-gpu] Backing memory: PA 0x7f863000 (1000 pages)
[boot] Registering IOFramebuffer driver...
[IOFramebuffer] probe: VirtIO GPU found (1280x800)
[IOFramebuffer] start: 1280x800, 32 bpp, pitch=5120, phys=0x7f863000
IOKit: registered service 'IOFramebuffer' (entry_id=2)
[IOFramebuffer] init: registered IOFramebuffer service
[IOFramebuffer]   1280x800, 32 bpp, format=2
[boot] Initialising framebuffer console...
[fbconsole] 160x50 text grid (1280x800 pixels, 32 bpp)
[boot] Initialising VirtIO input...
[virtio-input] Scanning for VirtIO input devices...
[virtio-tablet] Found tablet at MMIO slot 27 (base=0xa003600, IRQ=75, version=1)
[virtio-tablet] Negotiated features: 0x0
[virtio-tablet] eventq: 256 descriptors
[virtio-tablet] Posted 64 event buffers
[virtio-tablet] Tablet ready (absolute coordinates)
[virtio-input] Found keyboard at MMIO slot 28 (base=0xa003800, IRQ=76, version=1)
[virtio-input] Negotiated features: 0x0
[virtio-input] eventq: 256 descriptors
[virtio-input] Posted 64 event buffers
[virtio-input] Keyboard ready (US QWERTY layout)
[virtio-input] Initialised 2 input device(s) (kbd=1, tablet=1)
[boot] Registering IOHIDSystem driver...
[IOHIDSystem] probe: HID event ring available
[IOHIDSystem] start: ring phys=0x40a16000 size=8208
IOKit: registered service 'IOHIDSystem' (entry_id=3)
[IOHIDSystem] init: registered IOHIDSystem service

[boot] *** All subsystems initialised ***
[boot] Creating bootstrap thread...

[boot] Bootstrap thread created (tid=6)
[boot] Abandoning boot stack, jumping to bootstrap thread...
[bootstrap] Running on PMM-allocated stack
[bootstrap] Launching PID 1... (free: 219897 pages / 858 MB)

[init] Bootstrapping first user process...
[init] Init thread (tid=7) ready: entry=0x200001000 user_sp=0x7ffffffefdf8
[init]   kstack=[0x7fe4b000..0x7fe53000] tf_base=0x7fe52cd0
[init] Init process (PID 1) enqueued on run queue
[init] === End of kernel bootstrap ===

[bootstrap] PID 1 enqueued. Bootstrap thread exiting.
[bufsync] buffer sync daemon started

Kiseki OS v0.1
Copyright (c) 2026 Kiseki Project

init: loaded 'uk.co.avltree9798.loginwindow' from /System/Library/LaunchDaemons/uk.co.avltree9798.loginwindow.plist
init: loaded 'uk.co.avltree9798.mDNSResponder' from /System/Library/LaunchDaemons/uk.co.avltree9798.mDNSResponder.plist
init:   MachService: uk.co.avltree9798.mDNSResponder
init: loaded 'uk.co.avltree9798.WindowServer' from /System/Library/LaunchDaemons/uk.co.avltree9798.WindowServer.plist
init:   MachService: uk.co.avltree9798.WindowServer
init: 3 job(s) loaded
[bootstrap] registered service 'uk.co.avltree9798.mDNSResponder' -> port 0x0000000040ab75b8
init: registered service 'uk.co.avltree9798.mDNSResponder' (port 1)
[bootstrap] registered service 'uk.co.avltree9798.WindowServer' -> port 0x0000000040afde10
init: registered service 'uk.co.avltree9798.WindowServer' (port 2)
[FORK] PID 1 -> 2 '/sbin/init' (free: 222145 pages)
init: started 'uk.co.avltree9798.loginwindow' (pid 2)
[FORK] PID 1 -> 3 '/sbin/init' (free: 222156 pages)
init: started 'uk.co.avltree9798.mDNSResponder' (pid 3)
[FORK] PID 1 -> 4 '/sbin/init' (free: 222277 pages)
init: started 'uk.co.avltree9798.WindowServer' (pid 4)
init: WindowServer configured — skipping fbcon0 getty
[FORK] PID 1 -> 5 '/sbin/init' (free: 222701 pages)
init: spawned getty (pid 5)
[EXEC] PID 2 '/sbin/loginwindow' (free: 223997 pages / 874 MB)
[EXEC] PID 5 '/sbin/getty' (free: 225845 pages / 882 MB)
[EXEC] PID 4 '/sbin/WindowServer' (free: 226181 pages / 883 MB)
[loginwindow] Starting (PID 2)

   _  ___          _    _    ___  ___
  | |/ (_)___ ___ | | _(_)  / _ \/ __|
  | '[W S]<| Starting Win (_-</dowServer (PID 4 -_)| |/ / | | (_) )
\__ \
  |_|\_\_/__/\___||_|\_\_|  \___/|___/

  Kiseki OS v0.1 - ARM64 Hybrid Kernel

[bootstrap] check_in 'uk.co.avltree9798.WindowServer': task 4 claimed receive right (name 1)
[WS] Service portkis:eki login:  1
[iokit_mach] GetMatchingService: matched 'IOFramebuffer' -> port name 4
[EXEC] PID 3 '/sbin/mDNSResponder' (free: 228725 pages / 893 MB)
[IOFramebuffer] newUserClient: created for task (type=0), fbconsole disabled
[iokit_mach] ServiceOpen: type 0 -> connect port name 6
[WS] Display: 1280x800 pitch=5120
IOKit: mapped 0x3e8000 bytes phys 0x7f863000 -> VA 0x3000a9000 in task '/sbin/WindowServer'
[iokit_mach] MapMemory: type 0, opts 0x1 -> addr 0x3000a9000, sz 0x3e8000, ret 0
[WS] VRAM mapped at 0x3000a9000 size 0x3e8000
[iokit_mach] GetMatchingService: matched 'IOHIDSystem' -> port name 10
[IOHIDSystem] newUserClient: created for task (type=0)
[iokit_mach] ServiceOpen: type 0 -> connect port name 12
IOKit: mapped 0x2010 bytes phys 0x40a16000 -> VA 0x300491000 in task '/sbin/WindowServer'
[iokit_mach] MapMemory: type 0, opts 0x1 -> addr 0x300491000, sz 0x2010, ret 0
[WS] HID ring at 0x300491000 size 0x2010
mDNSResponder: starting
mDNSResponder: upstream DNS 8.8.8.8
[bootstrap] check_in 'uk.co.avltree9798.mDNSResponder': task 3 claimed receive right (name 1)
mDNSResponder: checked in as 'uk.co.avltree9798.mDNSResponder' (port 1)
[WS] Desktop drawn, entering event loop
[WS] CONNECT: 'loginwindow' pid=2 conn_id=1 event_port=15
[loginwindow] Connected to WindowServer, conn_id=1
[WS] CREATE_WINDOW: id=1 conn=1 'loginwindow' 360x260 at (460,230) style=0x0
[loginwindow] Login window created at (460, 230) 360x260
[loginwindow] poll_event: GOT msg id=3020 size=28 port=2
[loginwindow] poll_event: GOT msg id=3000 size=44 port=2
[loginwindow] handle_key: keycode=19 ch=114(0x72) mods=0x0
[loginwindow] poll_event: GOT msg id=3000 size=44 port=2
[loginwindow] handle_key: keycode=24 ch=111(0x6f) mods=0x0
[loginwindow] poll_event: GOT msg id=3001 size=44 port=2
[loginwindow] poll_event: GOT msg id=3001 size=44 port=2
[loginwindow] poll_event: GOT msg id=3000 size=44 port=2
[loginwindow] handle_key: keycode=24 ch=111(0x6f) mods=0x0
[loginwindow] poll_event: GOT msg id=3000 size=44 port=2
[loginwindow] handle_key: keycode=20 ch=116(0x74) mods=0x0
[loginwindow] poll_event: GOT msg id=3001 size=44 port=2
[loginwindow] poll_event: GOT msg id=3001 size=44 port=2
[loginwindow] poll_event: GOT msg id=3000 size=44 port=2
[loginwindow] handle_key: keycode=15 ch=9(0x9) mods=0x0
[loginwindow] poll_event: GOT msg id=3001 size=44 port=2
[loginwindow] poll_event: GOT msg id=3000 size=44 port=2
[loginwindow] handle_key: keycode=20 ch=116(0x74) mods=0x0
[loginwindow] poll_event: GOT msg id=3001 size=44 port=2
[loginwindow] poll_event: GOT msg id=3000 size=44 port=2
[loginwindow] handle_key: keycode=24 ch=111(0x6f) mods=0x0
[loginwindow] poll_event: GOT msg id=3001 size=44 port=2
[loginwindow] poll_event: GOT msg id=3000 size=44 port=2
[loginwindow] handle_key: keycode=24 ch=111(0x6f) mods=0x0
[loginwindow] poll_event: GOT msg id=3001 size=44 port=2
[loginwindow] poll_event: GOT msg id=3000 size=44 port=2
[loginwindow] handle_key: keycode=19 ch=114(0x72) mods=0x0
[loginwindow] poll_event: GOT msg id=3000 size=44 port=2
[loginwindow] handle_key: keycode=28 ch=10(0xa) mods=0x0
[loginwindow] Authentication successful for user 'root' (uid=0 gid=0 home=/root shell=/bin/bash)
[loginwindow] Starting GUI session...
[FORK] PID 2 -> 6 '/sbin/loginwindow' (free: 230213 pages)
[loginwindow] Launched Dock.app (PID 6)
[FORK] PID 2 -> 7 '/sbin/loginwindow' (free: 230221 pages)
[loginwindow] Launched Finder.app (PID 7)
[FORK] PID 2 -> 8 '/sbin/loginwindow' (free: 230254 pages)
[loginwindow] Launched SystemUIServer.app (PID 8)
[FORK] PID 2 -> 9 '/sbin/loginwindow' (free: 230313 pages)
[loginwindow] Launched Terminal.app (PID 9)
[loginwindow] poll_event: GOT msg id=3001 size=44 port=2
[EXEC] PID 7 '/System/Library/CoreServices/Fi' (free: 232518 pages / 908 MB)
[EXEC] PID 8 '/System/Library/CoreServices/Sy' (free: 232857 pages / 909 MB)
[EXEC] PID 6 '/System/Library/CoreServices/Do' (free: 234265 pages / 915 MB)
[EXEC] PID 9 '/Applications/Terminal.app/Term' (free: 238088 pages / 930 MB)
[loginwindow][WS]  pCONNECT: 'Applicatiolon' pid=0 conn_id=2 event_port=44l_ev
ent: GOT[WS] CONNECT:  m'sApg iplicatiod=n'302 pid=0 conn_id=3 event_port=45
1 size=28 port=2
[WS] CONNECT: 'Application' pid=0 conn_id=4 event_port=47
[WS] CREATE_WINDOW: id=2 conn=2 'Untitled' 1280x800 at (0,0) style=0x0
[WS] CREATE_WINDOW: id=3 conn=3 'Untitled' 500x380 at (50,72) style=0xf
[pty] allocated pty0
[openpty] allocated pty0: master_fd=3 slave_fd=4
[WS] CONNECT: 'Application' pid=0 conn_id=5 event_port=53
[FORK] PID 9 -> 10 '/Applications/Terminal.app/Term' (free: 260752 pages)
[Terminal] PTY established: master_fd=3, shell PID=10
[WS] CREATE_WINDOW: id=4 conn=4 'Untitled' 640x384 at (100,122) style=0xf
[WS] CREATE_WINDOW: id=5 conn=5 'Untitled' 160x22 at (1120,0) style=0x0
[EXEC] PID 10 '/bin/bash' (free: 267534 pages / 1045 MB)
[WS] CREATE_WINDOW: id=6 conn=2 'Untitled' 1280x54 at (0,746) style=0x0
[Terminal] Window created (640x384), PTY master=3, shell PID=10
[FORK] PID 10 -> 11 '/bin/bash' (free: 267258 pages)
[EXEC] PID 11 '/usr/bin/whoami' (free: 267048 pages / 1043 MB)
[EXIT] PID 11 '/usr/bin/whoami' status=0x0 (free: 267280 pages / 1044 MB)
[FORK] PID 10 -> 12 '/bin/bash' (free: 269201 pages)
[EXEC] PID 12 '/bin/uname' (free: 269000 pages / 1050 MB)
[EXIT] PID 12 '/bin/uname' status=0x0 (free: 269646 pages / 1053 MB)
